2016-10-11 14:42:07,748 [Worker-18] INFO  o.e.m.c.i.p.ProjectConfigurationManager - Collecting project info '/pom.xml' C:\Users\edwardsm\workspace\cucumber-automation\highcost.cucumber\pom.xml
2016-10-11 14:42:13,043 [Worker-18] INFO  o.e.m.c.i.l.LifecycleMappingFactory - Using org.eclipse.m2e.jdt.JarLifecycleMapping lifecycle mapping for MavenProject: com.itg:highcost.cucumber:0.0.1-SNAPSHOT @ C:\Users\edwardsm\workspace\cucumber-automation\highcost.cucumber\pom.xml.
2016-10-11 14:42:13,893 [Worker-18] INFO  o.e.m.j.i.AbstractJavaProjectConfigurator - Adding source folder /highcost.cucumber/src/main/java
2016-10-11 14:42:13,895 [Worker-18] INFO  o.e.m.j.i.AbstractJavaProjectConfigurator - Adding source folder /highcost.cucumber/src/test/java
2016-10-11 14:42:14,441 [Worker-18] INFO  o.e.m.c.i.p.ProjectConfigurationManager - Imported and configured 1 project(s) in 6 sec
2016-10-11 14:42:14,974 [Worker-18] INFO  o.e.m.c.i.embedder.EclipseLogger - Using 'UTF-8' encoding to copy filtered resources.
2016-10-11 14:42:14,976 [Worker-18] INFO  o.e.m.c.i.embedder.EclipseLogger - skip non existing resourceDirectory C:\Users\edwardsm\workspace\cucumber-automation\highcost.cucumber\src\main\resources
2016-10-11 14:42:14,976 [Worker-18] INFO  o.e.m.c.i.embedder.EclipseLogger - Using 'UTF-8' encoding to copy filtered resources.
2016-10-11 14:42:14,976 [Worker-18] INFO  o.e.m.c.i.embedder.EclipseLogger - skip non existing resourceDirectory C:\Users\edwardsm\workspace\cucumber-automation\highcost.cucumber\src\test\resources
2016-10-11 14:56:55,691 [Worker-3] INFO  o.e.m.c.i.embedder.EclipseLogger - Using 'UTF-8' encoding to copy filtered resources.
2016-10-11 14:56:55,714 [Worker-3] INFO  o.e.m.c.i.embedder.EclipseLogger - skip non existing resourceDirectory C:\Users\edwardsm\workspace\cucumber-automation\highcost.cucumber\src\main\resources
2016-10-11 14:56:55,718 [Worker-3] INFO  o.e.m.c.i.embedder.EclipseLogger - Using 'UTF-8' encoding to copy filtered resources.
2016-10-11 14:56:55,718 [Worker-3] INFO  o.e.m.c.i.embedder.EclipseLogger - skip non existing resourceDirectory C:\Users\edwardsm\workspace\cucumber-automation\highcost.cucumber\src\test\resources
2016-10-11 15:00:02,358 [Worker-16] INFO  o.e.m.c.i.l.LifecycleMappingFactory - Using org.eclipse.m2e.jdt.JarLifecycleMapping lifecycle mapping for MavenProject: com.itg:highcost.cucumber:0.0.1-SNAPSHOT @ C:\Users\edwardsm\workspace\cucumber-automation\highcost.cucumber\pom.xml.
2016-10-11 15:00:03,083 [Worker-16] INFO  o.e.m.c.i.e.AbstractTransferListenerAdapter - Downloading https://repo.maven.apache.org/maven2/org/seleniumhq/selenium/selenium-java/3.0.0-beta4/selenium-java-3.0.0-beta4.pom
2016-10-11 15:00:03,133 [Worker-16] INFO  o.e.m.c.i.e.AbstractTransferListenerAdapter - Downloaded https://repo.maven.apache.org/maven2/org/seleniumhq/selenium/selenium-java/3.0.0-beta4/selenium-java-3.0.0-beta4.pom
2016-10-11 15:00:03,192 [Worker-16] INFO  o.e.m.c.i.e.AbstractTransferListenerAdapter - Downloading https://repo.maven.apache.org/maven2/org/seleniumhq/selenium/selenium-chrome-driver/3.0.0-beta4/selenium-chrome-driver-3.0.0-beta4.pom
2016-10-11 15:00:03,221 [Worker-16] INFO  o.e.m.c.i.e.AbstractTransferListenerAdapter - Downloaded https://repo.maven.apache.org/maven2/org/seleniumhq/selenium/selenium-chrome-driver/3.0.0-beta4/selenium-chrome-driver-3.0.0-beta4.pom
2016-10-11 15:00:03,260 [Worker-16] INFO  o.e.m.c.i.e.AbstractTransferListenerAdapter - Downloading https://repo.maven.apache.org/maven2/org/seleniumhq/selenium/selenium-remote-driver/3.0.0-beta4/selenium-remote-driver-3.0.0-beta4.pom
2016-10-11 15:00:03,287 [Worker-16] INFO  o.e.m.c.i.e.AbstractTransferListenerAdapter - Downloaded https://repo.maven.apache.org/maven2/org/seleniumhq/selenium/selenium-remote-driver/3.0.0-beta4/selenium-remote-driver-3.0.0-beta4.pom
2016-10-11 15:00:03,332 [Worker-16] INFO  o.e.m.c.i.e.AbstractTransferListenerAdapter - Downloading https://repo.maven.apache.org/maven2/org/seleniumhq/selenium/selenium-api/3.0.0-beta4/selenium-api-3.0.0-beta4.pom
2016-10-11 15:00:03,424 [Worker-16] INFO  o.e.m.c.i.e.AbstractTransferListenerAdapter - Downloaded https://repo.maven.apache.org/maven2/org/seleniumhq/selenium/selenium-api/3.0.0-beta4/selenium-api-3.0.0-beta4.pom
2016-10-11 15:00:03,464 [Worker-16] INFO  o.e.m.c.i.e.AbstractTransferListenerAdapter - Downloading https://repo.maven.apache.org/maven2/cglib/cglib-nodep/3.2.4/cglib-nodep-3.2.4.pom
2016-10-11 15:00:03,489 [Worker-16] INFO  o.e.m.c.i.e.AbstractTransferListenerAdapter - Downloaded https://repo.maven.apache.org/maven2/cglib/cglib-nodep/3.2.4/cglib-nodep-3.2.4.pom
2016-10-11 15:00:03,521 [Worker-16] INFO  o.e.m.c.i.e.AbstractTransferListenerAdapter - Downloading https://repo.maven.apache.org/maven2/cglib/cglib-parent/3.2.4/cglib-parent-3.2.4.pom
2016-10-11 15:00:03,574 [Worker-16] INFO  o.e.m.c.i.e.AbstractTransferListenerAdapter - Downloaded https://repo.maven.apache.org/maven2/cglib/cglib-parent/3.2.4/cglib-parent-3.2.4.pom
2016-10-11 15:00:04,243 [Worker-16] INFO  o.e.m.c.i.e.AbstractTransferListenerAdapter - Downloading https://repo.maven.apache.org/maven2/org/seleniumhq/selenium/selenium-edge-driver/3.0.0-beta4/selenium-edge-driver-3.0.0-beta4.pom
2016-10-11 15:00:04,268 [Worker-16] INFO  o.e.m.c.i.e.AbstractTransferListenerAdapter - Downloaded https://repo.maven.apache.org/maven2/org/seleniumhq/selenium/selenium-edge-driver/3.0.0-beta4/selenium-edge-driver-3.0.0-beta4.pom
2016-10-11 15:00:04,320 [Worker-16] INFO  o.e.m.c.i.e.AbstractTransferListenerAdapter - Downloading https://repo.maven.apache.org/maven2/org/seleniumhq/selenium/selenium-firefox-driver/3.0.0-beta4/selenium-firefox-driver-3.0.0-beta4.pom
2016-10-11 15:00:04,371 [Worker-16] INFO  o.e.m.c.i.e.AbstractTransferListenerAdapter - Downloaded https://repo.maven.apache.org/maven2/org/seleniumhq/selenium/selenium-firefox-driver/3.0.0-beta4/selenium-firefox-driver-3.0.0-beta4.pom
2016-10-11 15:00:04,421 [Worker-16] INFO  o.e.m.c.i.e.AbstractTransferListenerAdapter - Downloading https://repo.maven.apache.org/maven2/org/seleniumhq/selenium/selenium-ie-driver/3.0.0-beta4/selenium-ie-driver-3.0.0-beta4.pom
2016-10-11 15:00:04,446 [Worker-16] INFO  o.e.m.c.i.e.AbstractTransferListenerAdapter - Downloaded https://repo.maven.apache.org/maven2/org/seleniumhq/selenium/selenium-ie-driver/3.0.0-beta4/selenium-ie-driver-3.0.0-beta4.pom
2016-10-11 15:00:04,478 [Worker-16] INFO  o.e.m.c.i.e.AbstractTransferListenerAdapter - Downloading https://repo.maven.apache.org/maven2/org/seleniumhq/selenium/selenium-opera-driver/3.0.0-beta4/selenium-opera-driver-3.0.0-beta4.pom
2016-10-11 15:00:04,502 [Worker-16] INFO  o.e.m.c.i.e.AbstractTransferListenerAdapter - Downloaded https://repo.maven.apache.org/maven2/org/seleniumhq/selenium/selenium-opera-driver/3.0.0-beta4/selenium-opera-driver-3.0.0-beta4.pom
2016-10-11 15:00:04,554 [Worker-16] INFO  o.e.m.c.i.e.AbstractTransferListenerAdapter - Downloading https://repo.maven.apache.org/maven2/org/seleniumhq/selenium/selenium-safari-driver/3.0.0-beta4/selenium-safari-driver-3.0.0-beta4.pom
2016-10-11 15:00:04,576 [Worker-16] INFO  o.e.m.c.i.e.AbstractTransferListenerAdapter - Downloaded https://repo.maven.apache.org/maven2/org/seleniumhq/selenium/selenium-safari-driver/3.0.0-beta4/selenium-safari-driver-3.0.0-beta4.pom
2016-10-11 15:00:04,653 [Worker-16] INFO  o.e.m.c.i.e.AbstractTransferListenerAdapter - Downloading https://repo.maven.apache.org/maven2/org/seleniumhq/selenium/selenium-support/3.0.0-beta4/selenium-support-3.0.0-beta4.pom
2016-10-11 15:00:04,682 [Worker-16] INFO  o.e.m.c.i.e.AbstractTransferListenerAdapter - Downloaded https://repo.maven.apache.org/maven2/org/seleniumhq/selenium/selenium-support/3.0.0-beta4/selenium-support-3.0.0-beta4.pom
2016-10-11 15:00:04,790 [Worker-16] INFO  o.e.m.c.i.e.AbstractTransferListenerAdapter - Downloading https://repo.maven.apache.org/maven2/com/codeborne/phantomjsdriver/1.3.0/phantomjsdriver-1.3.0.pom
2016-10-11 15:00:04,826 [Worker-16] INFO  o.e.m.c.i.e.AbstractTransferListenerAdapter - Downloaded https://repo.maven.apache.org/maven2/com/codeborne/phantomjsdriver/1.3.0/phantomjsdriver-1.3.0.pom
2016-10-11 15:00:05,144 [Worker-16] INFO  o.e.m.c.i.e.AbstractTransferListenerAdapter - Downloading https://repo.maven.apache.org/maven2/org/seleniumhq/selenium/selenium-java/3.0.0-beta4/selenium-java-3.0.0-beta4.jar
2016-10-11 15:00:05,169 [Worker-16] INFO  o.e.m.c.i.e.AbstractTransferListenerAdapter - Downloaded https://repo.maven.apache.org/maven2/org/seleniumhq/selenium/selenium-java/3.0.0-beta4/selenium-java-3.0.0-beta4.jar
2016-10-11 15:00:05,191 [Worker-16] INFO  o.e.m.c.i.e.AbstractTransferListenerAdapter - Downloading https://repo.maven.apache.org/maven2/org/seleniumhq/selenium/selenium-chrome-driver/3.0.0-beta4/selenium-chrome-driver-3.0.0-beta4.jar
2016-10-11 15:00:05,234 [Worker-16] INFO  o.e.m.c.i.e.AbstractTransferListenerAdapter - Downloaded https://repo.maven.apache.org/maven2/org/seleniumhq/selenium/selenium-chrome-driver/3.0.0-beta4/selenium-chrome-driver-3.0.0-beta4.jar
2016-10-11 15:00:05,256 [Worker-16] INFO  o.e.m.c.i.e.AbstractTransferListenerAdapter - Downloading https://repo.maven.apache.org/maven2/org/seleniumhq/selenium/selenium-remote-driver/3.0.0-beta4/selenium-remote-driver-3.0.0-beta4.jar
2016-10-11 15:00:05,394 [Worker-16] INFO  o.e.m.c.i.e.AbstractTransferListenerAdapter - Downloaded https://repo.maven.apache.org/maven2/org/seleniumhq/selenium/selenium-remote-driver/3.0.0-beta4/selenium-remote-driver-3.0.0-beta4.jar
2016-10-11 15:00:05,415 [Worker-16] INFO  o.e.m.c.i.e.AbstractTransferListenerAdapter - Downloading https://repo.maven.apache.org/maven2/org/seleniumhq/selenium/selenium-api/3.0.0-beta4/selenium-api-3.0.0-beta4.jar
2016-10-11 15:00:05,453 [Worker-16] INFO  o.e.m.c.i.e.AbstractTransferListenerAdapter - Downloaded https://repo.maven.apache.org/maven2/org/seleniumhq/selenium/selenium-api/3.0.0-beta4/selenium-api-3.0.0-beta4.jar
2016-10-11 15:00:05,473 [Worker-16] INFO  o.e.m.c.i.e.AbstractTransferListenerAdapter - Downloading https://repo.maven.apache.org/maven2/cglib/cglib-nodep/3.2.4/cglib-nodep-3.2.4.jar
2016-10-11 15:00:05,577 [Worker-16] INFO  o.e.m.c.i.e.AbstractTransferListenerAdapter - Downloaded https://repo.maven.apache.org/maven2/cglib/cglib-nodep/3.2.4/cglib-nodep-3.2.4.jar
2016-10-11 15:00:05,603 [Worker-16] INFO  o.e.m.c.i.e.AbstractTransferListenerAdapter - Downloading https://repo.maven.apache.org/maven2/org/seleniumhq/selenium/selenium-edge-driver/3.0.0-beta4/selenium-edge-driver-3.0.0-beta4.jar
2016-10-11 15:00:05,626 [Worker-16] INFO  o.e.m.c.i.e.AbstractTransferListenerAdapter - Downloaded https://repo.maven.apache.org/maven2/org/seleniumhq/selenium/selenium-edge-driver/3.0.0-beta4/selenium-edge-driver-3.0.0-beta4.jar
2016-10-11 15:00:05,648 [Worker-16] INFO  o.e.m.c.i.e.AbstractTransferListenerAdapter - Downloading https://repo.maven.apache.org/maven2/org/seleniumhq/selenium/selenium-firefox-driver/3.0.0-beta4/selenium-firefox-driver-3.0.0-beta4.jar
2016-10-11 15:00:05,827 [Worker-16] INFO  o.e.m.c.i.e.AbstractTransferListenerAdapter - Downloaded https://repo.maven.apache.org/maven2/org/seleniumhq/selenium/selenium-firefox-driver/3.0.0-beta4/selenium-firefox-driver-3.0.0-beta4.jar
2016-10-11 15:00:05,851 [Worker-16] INFO  o.e.m.c.i.e.AbstractTransferListenerAdapter - Downloading https://repo.maven.apache.org/maven2/org/seleniumhq/selenium/selenium-ie-driver/3.0.0-beta4/selenium-ie-driver-3.0.0-beta4.jar
2016-10-11 15:00:05,873 [Worker-16] INFO  o.e.m.c.i.e.AbstractTransferListenerAdapter - Downloaded https://repo.maven.apache.org/maven2/org/seleniumhq/selenium/selenium-ie-driver/3.0.0-beta4/selenium-ie-driver-3.0.0-beta4.jar
2016-10-11 15:00:05,908 [Worker-16] INFO  o.e.m.c.i.e.AbstractTransferListenerAdapter - Downloading https://repo.maven.apache.org/maven2/org/seleniumhq/selenium/selenium-opera-driver/3.0.0-beta4/selenium-opera-driver-3.0.0-beta4.jar
2016-10-11 15:00:05,930 [Worker-16] INFO  o.e.m.c.i.e.AbstractTransferListenerAdapter - Downloaded https://repo.maven.apache.org/maven2/org/seleniumhq/selenium/selenium-opera-driver/3.0.0-beta4/selenium-opera-driver-3.0.0-beta4.jar
2016-10-11 15:00:05,956 [Worker-16] INFO  o.e.m.c.i.e.AbstractTransferListenerAdapter - Downloading https://repo.maven.apache.org/maven2/org/seleniumhq/selenium/selenium-safari-driver/3.0.0-beta4/selenium-safari-driver-3.0.0-beta4.jar
2016-10-11 15:00:05,982 [Worker-16] INFO  o.e.m.c.i.e.AbstractTransferListenerAdapter - Downloaded https://repo.maven.apache.org/maven2/org/seleniumhq/selenium/selenium-safari-driver/3.0.0-beta4/selenium-safari-driver-3.0.0-beta4.jar
2016-10-11 15:00:06,005 [Worker-16] INFO  o.e.m.c.i.e.AbstractTransferListenerAdapter - Downloading https://repo.maven.apache.org/maven2/org/seleniumhq/selenium/selenium-support/3.0.0-beta4/selenium-support-3.0.0-beta4.jar
2016-10-11 15:00:06,054 [Worker-16] INFO  o.e.m.c.i.e.AbstractTransferListenerAdapter - Downloaded https://repo.maven.apache.org/maven2/org/seleniumhq/selenium/selenium-support/3.0.0-beta4/selenium-support-3.0.0-beta4.jar
2016-10-11 15:00:06,081 [Worker-16] INFO  o.e.m.c.i.e.AbstractTransferListenerAdapter - Downloading https://repo.maven.apache.org/maven2/com/codeborne/phantomjsdriver/1.3.0/phantomjsdriver-1.3.0.jar
2016-10-11 15:00:06,105 [Worker-16] INFO  o.e.m.c.i.e.AbstractTransferListenerAdapter - Downloaded https://repo.maven.apache.org/maven2/com/codeborne/phantomjsdriver/1.3.0/phantomjsdriver-1.3.0.jar
2016-10-11 15:00:08,118 [Worker-16] INFO  o.e.m.c.i.embedder.EclipseLogger - Using 'UTF-8' encoding to copy filtered resources.
2016-10-11 15:00:08,119 [Worker-16] INFO  o.e.m.c.i.embedder.EclipseLogger - skip non existing resourceDirectory C:\Users\edwardsm\workspace\cucumber-automation\highcost.cucumber\src\main\resources
2016-10-11 15:00:08,123 [Worker-16] INFO  o.e.m.c.i.embedder.EclipseLogger - Using 'UTF-8' encoding to copy filtered resources.
2016-10-11 15:00:08,124 [Worker-16] INFO  o.e.m.c.i.embedder.EclipseLogger - skip non existing resourceDirectory C:\Users\edwardsm\workspace\cucumber-automation\highcost.cucumber\src\test\resources
2016-10-11 15:00:10,811 [Worker-18] INFO  o.e.m.c.i.embedder.EclipseLogger - Using 'UTF-8' encoding to copy filtered resources.
2016-10-11 15:00:10,812 [Worker-18] INFO  o.e.m.c.i.embedder.EclipseLogger - skip non existing resourceDirectory C:\Users\edwardsm\workspace\cucumber-automation\highcost.cucumber\src\main\resources
2016-10-11 15:00:10,816 [Worker-18] INFO  o.e.m.c.i.embedder.EclipseLogger - Using 'UTF-8' encoding to copy filtered resources.
2016-10-11 15:00:10,817 [Worker-18] INFO  o.e.m.c.i.embedder.EclipseLogger - skip non existing resourceDirectory C:\Users\edwardsm\workspace\cucumber-automation\highcost.cucumber\src\test\resources
2016-10-11 15:01:46,157 [Worker-0] INFO  o.e.m.c.i.l.LifecycleMappingFactory - Using org.eclipse.m2e.jdt.JarLifecycleMapping lifecycle mapping for MavenProject: com.itg:highcost.cucumber:0.0.1-SNAPSHOT @ C:\Users\edwardsm\workspace\cucumber-automation\highcost.cucumber\pom.xml.
2016-10-11 15:01:46,440 [Worker-0] WARN  o.e.m.c.i.embedder.EclipseLogger - The POM for info.cukes:cucumber-java:jar:1.2.4-SNAPSHOT is missing, no dependency information available
2016-10-11 15:01:46,466 [Worker-0] INFO  o.e.m.c.i.e.AbstractTransferListenerAdapter - Downloading https://repo.maven.apache.org/maven2/info/cukes/cucumber-junit/1.2.4/cucumber-junit-1.2.4.pom
2016-10-11 15:01:46,490 [Worker-0] INFO  o.e.m.c.i.e.AbstractTransferListenerAdapter - Downloaded https://repo.maven.apache.org/maven2/info/cukes/cucumber-junit/1.2.4/cucumber-junit-1.2.4.pom
2016-10-11 15:01:46,525 [Worker-0] INFO  o.e.m.c.i.e.AbstractTransferListenerAdapter - Downloading https://repo.maven.apache.org/maven2/info/cukes/cucumber-jvm/1.2.4/cucumber-jvm-1.2.4.pom
2016-10-11 15:01:46,556 [Worker-0] INFO  o.e.m.c.i.e.AbstractTransferListenerAdapter - Downloaded https://repo.maven.apache.org/maven2/info/cukes/cucumber-jvm/1.2.4/cucumber-jvm-1.2.4.pom
2016-10-11 15:01:46,587 [Worker-0] INFO  o.e.m.c.i.e.AbstractTransferListenerAdapter - Downloading https://repo.maven.apache.org/maven2/info/cukes/cucumber-core/1.2.4/cucumber-core-1.2.4.pom
2016-10-11 15:01:46,616 [Worker-0] INFO  o.e.m.c.i.e.AbstractTransferListenerAdapter - Downloaded https://repo.maven.apache.org/maven2/info/cukes/cucumber-core/1.2.4/cucumber-core-1.2.4.pom
2016-10-11 15:01:46,897 [Worker-0] INFO  o.e.m.c.i.e.AbstractTransferListenerAdapter - Downloading https://repo.maven.apache.org/maven2/info/cukes/cucumber-junit/1.2.4/cucumber-junit-1.2.4.jar
2016-10-11 15:01:46,932 [Worker-0] INFO  o.e.m.c.i.e.AbstractTransferListenerAdapter - Downloaded https://repo.maven.apache.org/maven2/info/cukes/cucumber-junit/1.2.4/cucumber-junit-1.2.4.jar
2016-10-11 15:01:46,954 [Worker-0] INFO  o.e.m.c.i.e.AbstractTransferListenerAdapter - Downloading https://repo.maven.apache.org/maven2/info/cukes/cucumber-core/1.2.4/cucumber-core-1.2.4.jar
2016-10-11 15:01:47,028 [Worker-0] INFO  o.e.m.c.i.e.AbstractTransferListenerAdapter - Downloaded https://repo.maven.apache.org/maven2/info/cukes/cucumber-core/1.2.4/cucumber-core-1.2.4.jar
2016-10-11 15:01:48,027 [Worker-0] INFO  o.e.m.c.i.embedder.EclipseLogger - Using 'UTF-8' encoding to copy filtered resources.
2016-10-11 15:01:48,028 [Worker-0] INFO  o.e.m.c.i.embedder.EclipseLogger - skip non existing resourceDirectory C:\Users\edwardsm\workspace\cucumber-automation\highcost.cucumber\src\main\resources
2016-10-11 15:01:48,031 [Worker-0] INFO  o.e.m.c.i.embedder.EclipseLogger - Using 'UTF-8' encoding to copy filtered resources.
2016-10-11 15:01:48,031 [Worker-0] INFO  o.e.m.c.i.embedder.EclipseLogger - skip non existing resourceDirectory C:\Users\edwardsm\workspace\cucumber-automation\highcost.cucumber\src\test\resources
2016-10-11 15:02:25,269 [Worker-16] INFO  o.e.m.c.i.l.LifecycleMappingFactory - Using org.eclipse.m2e.jdt.JarLifecycleMapping lifecycle mapping for MavenProject: com.itg:highcost.cucumber:0.0.1-SNAPSHOT @ C:\Users\edwardsm\workspace\cucumber-automation\highcost.cucumber\pom.xml.
2016-10-11 15:02:26,226 [Worker-16] INFO  o.e.m.c.i.embedder.EclipseLogger - Using 'UTF-8' encoding to copy filtered resources.
2016-10-11 15:02:26,226 [Worker-16] INFO  o.e.m.c.i.embedder.EclipseLogger - skip non existing resourceDirectory C:\Users\edwardsm\workspace\cucumber-automation\highcost.cucumber\src\main\resources
2016-10-11 15:02:26,229 [Worker-16] INFO  o.e.m.c.i.embedder.EclipseLogger - Using 'UTF-8' encoding to copy filtered resources.
2016-10-11 15:02:26,230 [Worker-16] INFO  o.e.m.c.i.embedder.EclipseLogger - skip non existing resourceDirectory C:\Users\edwardsm\workspace\cucumber-automation\highcost.cucumber\src\test\resources
2016-10-11 15:02:27,785 [Worker-17] INFO  o.e.m.c.i.embedder.EclipseLogger - Using 'UTF-8' encoding to copy filtered resources.
2016-10-11 15:02:27,785 [Worker-17] INFO  o.e.m.c.i.embedder.EclipseLogger - skip non existing resourceDirectory C:\Users\edwardsm\workspace\cucumber-automation\highcost.cucumber\src\main\resources
2016-10-11 15:02:27,787 [Worker-17] INFO  o.e.m.c.i.embedder.EclipseLogger - Using 'UTF-8' encoding to copy filtered resources.
2016-10-11 15:02:27,787 [Worker-17] INFO  o.e.m.c.i.embedder.EclipseLogger - skip non existing resourceDirectory C:\Users\edwardsm\workspace\cucumber-automation\highcost.cucumber\src\test\resources
2016-10-11 15:02:39,538 [Worker-19] INFO  o.e.m.c.i.l.LifecycleMappingFactory - Using org.eclipse.m2e.jdt.JarLifecycleMapping lifecycle mapping for MavenProject: com.itg:highcost.cucumber:0.0.1-SNAPSHOT @ C:\Users\edwardsm\workspace\cucumber-automation\highcost.cucumber\pom.xml.
2016-10-11 15:02:40,457 [Worker-19] INFO  o.e.m.c.i.embedder.EclipseLogger - Using 'UTF-8' encoding to copy filtered resources.
2016-10-11 15:02:40,457 [Worker-19] INFO  o.e.m.c.i.embedder.EclipseLogger - skip non existing resourceDirectory C:\Users\edwardsm\workspace\cucumber-automation\highcost.cucumber\src\main\resources
2016-10-11 15:02:40,461 [Worker-19] INFO  o.e.m.c.i.embedder.EclipseLogger - Using 'UTF-8' encoding to copy filtered resources.
2016-10-11 15:02:40,461 [Worker-19] INFO  o.e.m.c.i.embedder.EclipseLogger - skip non existing resourceDirectory C:\Users\edwardsm\workspace\cucumber-automation\highcost.cucumber\src\test\resources
2016-10-11 15:03:26,354 [Worker-0] INFO  o.e.m.c.i.embedder.EclipseLogger - Using 'UTF-8' encoding to copy filtered resources.
2016-10-11 15:03:26,354 [Worker-0] INFO  o.e.m.c.i.embedder.EclipseLogger - skip non existing resourceDirectory C:\Users\edwardsm\workspace\cucumber-automation\highcost.cucumber\src\main\resources
2016-10-11 15:03:26,358 [Worker-0] INFO  o.e.m.c.i.embedder.EclipseLogger - Using 'UTF-8' encoding to copy filtered resources.
2016-10-11 15:03:26,359 [Worker-0] INFO  o.e.m.c.i.embedder.EclipseLogger - skip non existing resourceDirectory C:\Users\edwardsm\workspace\cucumber-automation\highcost.cucumber\src\test\resources
2016-10-11 15:04:21,908 [Worker-0] INFO  o.e.m.c.i.embedder.EclipseLogger - Using 'UTF-8' encoding to copy filtered resources.
2016-10-11 15:04:21,909 [Worker-0] INFO  o.e.m.c.i.embedder.EclipseLogger - skip non existing resourceDirectory C:\Users\edwardsm\workspace\cucumber-automation\highcost.cucumber\src\main\resources
2016-10-11 15:04:21,913 [Worker-0] INFO  o.e.m.c.i.embedder.EclipseLogger - Using 'UTF-8' encoding to copy filtered resources.
2016-10-11 15:04:21,913 [Worker-0] INFO  o.e.m.c.i.embedder.EclipseLogger - skip non existing resourceDirectory C:\Users\edwardsm\workspace\cucumber-automation\highcost.cucumber\src\test\resources
2016-10-11 15:04:48,728 [Worker-18] INFO  o.e.m.c.i.embedder.EclipseLogger - Using 'UTF-8' encoding to copy filtered resources.
2016-10-11 15:04:48,728 [Worker-18] INFO  o.e.m.c.i.embedder.EclipseLogger - skip non existing resourceDirectory C:\Users\edwardsm\workspace\cucumber-automation\highcost.cucumber\src\main\resources
2016-10-11 15:04:48,731 [Worker-18] INFO  o.e.m.c.i.embedder.EclipseLogger - Using 'UTF-8' encoding to copy filtered resources.
2016-10-11 15:04:48,732 [Worker-18] INFO  o.e.m.c.i.embedder.EclipseLogger - skip non existing resourceDirectory C:\Users\edwardsm\workspace\cucumber-automation\highcost.cucumber\src\test\resources
2016-10-11 15:04:49,838 [Worker-0] INFO  o.e.m.c.i.embedder.EclipseLogger - Using 'UTF-8' encoding to copy filtered resources.
2016-10-11 15:04:49,839 [Worker-0] INFO  o.e.m.c.i.embedder.EclipseLogger - skip non existing resourceDirectory C:\Users\edwardsm\workspace\cucumber-automation\highcost.cucumber\src\main\resources
2016-10-11 15:04:49,841 [Worker-0] INFO  o.e.m.c.i.embedder.EclipseLogger - Using 'UTF-8' encoding to copy filtered resources.
2016-10-11 15:04:49,842 [Worker-0] INFO  o.e.m.c.i.embedder.EclipseLogger - skip non existing resourceDirectory C:\Users\edwardsm\workspace\cucumber-automation\highcost.cucumber\src\test\resources
2016-10-11 15:05:30,958 [Worker-17] INFO  o.e.m.c.i.embedder.EclipseLogger - Using 'UTF-8' encoding to copy filtered resources.
2016-10-11 15:05:30,958 [Worker-17] INFO  o.e.m.c.i.embedder.EclipseLogger - skip non existing resourceDirectory C:\Users\edwardsm\workspace\cucumber-automation\highcost.cucumber\src\main\resources
2016-10-11 15:05:30,961 [Worker-17] INFO  o.e.m.c.i.embedder.EclipseLogger - Using 'UTF-8' encoding to copy filtered resources.
2016-10-11 15:05:30,961 [Worker-17] INFO  o.e.m.c.i.embedder.EclipseLogger - skip non existing resourceDirectory C:\Users\edwardsm\workspace\cucumber-automation\highcost.cucumber\src\test\resources
2016-10-11 15:05:40,854 [Worker-19] INFO  o.e.m.c.i.embedder.EclipseLogger - Using 'UTF-8' encoding to copy filtered resources.
2016-10-11 15:05:40,855 [Worker-19] INFO  o.e.m.c.i.embedder.EclipseLogger - skip non existing resourceDirectory C:\Users\edwardsm\workspace\cucumber-automation\highcost.cucumber\src\main\resources
2016-10-11 15:05:40,905 [Worker-19] INFO  o.e.m.c.i.embedder.EclipseLogger - Using 'UTF-8' encoding to copy filtered resources.
2016-10-11 15:05:40,907 [Worker-19] INFO  o.e.m.c.i.embedder.EclipseLogger - skip non existing resourceDirectory C:\Users\edwardsm\workspace\cucumber-automation\highcost.cucumber\src\test\resources
2016-10-11 15:06:08,917 [Worker-17] INFO  o.e.m.c.i.embedder.EclipseLogger - Using 'UTF-8' encoding to copy filtered resources.
2016-10-11 15:06:08,918 [Worker-17] INFO  o.e.m.c.i.embedder.EclipseLogger - skip non existing resourceDirectory C:\Users\edwardsm\workspace\cucumber-automation\highcost.cucumber\src\main\resources
2016-10-11 15:06:08,921 [Worker-17] INFO  o.e.m.c.i.embedder.EclipseLogger - Using 'UTF-8' encoding to copy filtered resources.
2016-10-11 15:06:08,922 [Worker-17] INFO  o.e.m.c.i.embedder.EclipseLogger - skip non existing resourceDirectory C:\Users\edwardsm\workspace\cucumber-automation\highcost.cucumber\src\test\resources
2016-10-11 15:18:01,027 [Worker-12] INFO  o.e.m.c.i.embedder.EclipseLogger - Using 'UTF-8' encoding to copy filtered resources.
2016-10-11 15:18:01,032 [Worker-12] INFO  o.e.m.c.i.embedder.EclipseLogger - skip non existing resourceDirectory C:\Users\edwardsm\workspace\cucumber-automation\highcost.cucumber\src\main\resources
2016-10-11 15:18:01,035 [Worker-12] INFO  o.e.m.c.i.embedder.EclipseLogger - Using 'UTF-8' encoding to copy filtered resources.
2016-10-11 15:18:01,036 [Worker-12] INFO  o.e.m.c.i.embedder.EclipseLogger - skip non existing resourceDirectory C:\Users\edwardsm\workspace\cucumber-automation\highcost.cucumber\src\test\resources
2016-10-11 15:18:39,084 [Worker-4] INFO  o.e.m.c.i.embedder.EclipseLogger - Using 'UTF-8' encoding to copy filtered resources.
2016-10-11 15:18:39,085 [Worker-4] INFO  o.e.m.c.i.embedder.EclipseLogger - skip non existing resourceDirectory C:\Users\edwardsm\workspace\cucumber-automation\highcost.cucumber\src\main\resources
2016-10-11 15:18:39,100 [Worker-4] INFO  o.e.m.c.i.embedder.EclipseLogger - Using 'UTF-8' encoding to copy filtered resources.
2016-10-11 15:18:39,100 [Worker-4] INFO  o.e.m.c.i.embedder.EclipseLogger - skip non existing resourceDirectory C:\Users\edwardsm\workspace\cucumber-automation\highcost.cucumber\src\test\resources
2016-10-11 15:19:31,024 [Worker-4] INFO  o.e.m.c.i.embedder.EclipseLogger - Using 'UTF-8' encoding to copy filtered resources.
2016-10-11 15:19:31,024 [Worker-4] INFO  o.e.m.c.i.embedder.EclipseLogger - skip non existing resourceDirectory C:\Users\edwardsm\workspace\cucumber-automation\highcost.cucumber\src\main\resources
2016-10-11 15:19:31,028 [Worker-4] INFO  o.e.m.c.i.embedder.EclipseLogger - Using 'UTF-8' encoding to copy filtered resources.
2016-10-11 15:19:31,028 [Worker-4] INFO  o.e.m.c.i.embedder.EclipseLogger - skip non existing resourceDirectory C:\Users\edwardsm\workspace\cucumber-automation\highcost.cucumber\src\test\resources
2016-10-11 15:20:48,817 [Worker-0] INFO  o.e.m.c.i.embedder.EclipseLogger - Using 'UTF-8' encoding to copy filtered resources.
2016-10-11 15:20:48,818 [Worker-0] INFO  o.e.m.c.i.embedder.EclipseLogger - skip non existing resourceDirectory C:\Users\edwardsm\workspace\cucumber-automation\highcost.cucumber\src\main\resources
2016-10-11 15:20:48,821 [Worker-0] INFO  o.e.m.c.i.embedder.EclipseLogger - Using 'UTF-8' encoding to copy filtered resources.
2016-10-11 15:20:48,821 [Worker-0] INFO  o.e.m.c.i.embedder.EclipseLogger - skip non existing resourceDirectory C:\Users\edwardsm\workspace\cucumber-automation\highcost.cucumber\src\test\resources
2016-10-11 15:21:06,501 [Worker-14] INFO  o.e.m.c.i.embedder.EclipseLogger - Using 'UTF-8' encoding to copy filtered resources.
2016-10-11 15:21:06,501 [Worker-14] INFO  o.e.m.c.i.embedder.EclipseLogger - skip non existing resourceDirectory C:\Users\edwardsm\workspace\cucumber-automation\highcost.cucumber\src\main\resources
2016-10-11 15:21:06,505 [Worker-14] INFO  o.e.m.c.i.embedder.EclipseLogger - Using 'UTF-8' encoding to copy filtered resources.
2016-10-11 15:21:06,505 [Worker-14] INFO  o.e.m.c.i.embedder.EclipseLogger - skip non existing resourceDirectory C:\Users\edwardsm\workspace\cucumber-automation\highcost.cucumber\src\test\resources
2016-10-11 15:21:55,388 [Worker-12] INFO  o.e.m.c.i.embedder.EclipseLogger - Using 'UTF-8' encoding to copy filtered resources.
2016-10-11 15:21:55,389 [Worker-12] INFO  o.e.m.c.i.embedder.EclipseLogger - skip non existing resourceDirectory C:\Users\edwardsm\workspace\cucumber-automation\highcost.cucumber\src\main\resources
2016-10-11 15:21:55,396 [Worker-12] INFO  o.e.m.c.i.embedder.EclipseLogger - Using 'UTF-8' encoding to copy filtered resources.
2016-10-11 15:21:55,396 [Worker-12] INFO  o.e.m.c.i.embedder.EclipseLogger - skip non existing resourceDirectory C:\Users\edwardsm\workspace\cucumber-automation\highcost.cucumber\src\test\resources
2016-10-11 15:22:10,390 [Worker-0] INFO  o.e.m.c.i.embedder.EclipseLogger - Using 'UTF-8' encoding to copy filtered resources.
2016-10-11 15:22:10,391 [Worker-0] INFO  o.e.m.c.i.embedder.EclipseLogger - skip non existing resourceDirectory C:\Users\edwardsm\workspace\cucumber-automation\highcost.cucumber\src\main\resources
2016-10-11 15:22:10,393 [Worker-0] INFO  o.e.m.c.i.embedder.EclipseLogger - Using 'UTF-8' encoding to copy filtered resources.
2016-10-11 15:22:10,394 [Worker-0] INFO  o.e.m.c.i.embedder.EclipseLogger - skip non existing resourceDirectory C:\Users\edwardsm\workspace\cucumber-automation\highcost.cucumber\src\test\resources
2016-10-11 15:24:24,911 [Worker-0] INFO  o.e.m.c.i.embedder.EclipseLogger - Using 'UTF-8' encoding to copy filtered resources.
2016-10-11 15:24:24,912 [Worker-0] INFO  o.e.m.c.i.embedder.EclipseLogger - skip non existing resourceDirectory C:\Users\edwardsm\workspace\cucumber-automation\highcost.cucumber\src\main\resources
2016-10-11 15:24:24,914 [Worker-0] INFO  o.e.m.c.i.embedder.EclipseLogger - Using 'UTF-8' encoding to copy filtered resources.
2016-10-11 15:24:24,916 [Worker-0] INFO  o.e.m.c.i.embedder.EclipseLogger - skip non existing resourceDirectory C:\Users\edwardsm\workspace\cucumber-automation\highcost.cucumber\src\test\resources
2016-10-11 15:25:12,038 [Worker-0] INFO  o.e.m.c.i.l.LifecycleMappingFactory - Using org.eclipse.m2e.jdt.JarLifecycleMapping lifecycle mapping for MavenProject: com.itg:highcost.cucumber:0.0.1-SNAPSHOT @ C:\Users\edwardsm\workspace\cucumber-automation\highcost.cucumber\pom.xml.
2016-10-11 15:25:12,803 [Worker-0] INFO  o.e.m.c.i.e.AbstractTransferListenerAdapter - Downloading https://repo.maven.apache.org/maven2/info/cukes/cucumber-java8/1.2.4/cucumber-java8-1.2.4.pom
2016-10-11 15:25:12,886 [Worker-0] INFO  o.e.m.c.i.e.AbstractTransferListenerAdapter - Downloaded https://repo.maven.apache.org/maven2/info/cukes/cucumber-java8/1.2.4/cucumber-java8-1.2.4.pom
2016-10-11 15:25:12,926 [Worker-0] INFO  o.e.m.c.i.e.AbstractTransferListenerAdapter - Downloading https://repo.maven.apache.org/maven2/info/cukes/cucumber-java/1.2.4/cucumber-java-1.2.4.pom
2016-10-11 15:25:12,953 [Worker-0] INFO  o.e.m.c.i.e.AbstractTransferListenerAdapter - Downloaded https://repo.maven.apache.org/maven2/info/cukes/cucumber-java/1.2.4/cucumber-java-1.2.4.pom
2016-10-11 15:25:13,126 [Worker-0] INFO  o.e.m.c.i.e.AbstractTransferListenerAdapter - Downloading https://repo.maven.apache.org/maven2/info/cukes/cucumber-java8/1.2.4/cucumber-java8-1.2.4.jar
2016-10-11 15:25:13,263 [Worker-0] INFO  o.e.m.c.i.e.AbstractTransferListenerAdapter - Downloaded https://repo.maven.apache.org/maven2/info/cukes/cucumber-java8/1.2.4/cucumber-java8-1.2.4.jar
2016-10-11 15:25:13,285 [Worker-0] INFO  o.e.m.c.i.e.AbstractTransferListenerAdapter - Downloading https://repo.maven.apache.org/maven2/info/cukes/cucumber-java/1.2.4/cucumber-java-1.2.4.jar
2016-10-11 15:25:13,348 [Worker-0] INFO  o.e.m.c.i.e.AbstractTransferListenerAdapter - Downloaded https://repo.maven.apache.org/maven2/info/cukes/cucumber-java/1.2.4/cucumber-java-1.2.4.jar
2016-10-11 15:25:13,987 [Worker-0] INFO  o.e.m.c.i.embedder.EclipseLogger - Using 'UTF-8' encoding to copy filtered resources.
2016-10-11 15:25:13,988 [Worker-0] INFO  o.e.m.c.i.embedder.EclipseLogger - skip non existing resourceDirectory C:\Users\edwardsm\workspace\cucumber-automation\highcost.cucumber\src\main\resources
2016-10-11 15:25:13,990 [Worker-0] INFO  o.e.m.c.i.embedder.EclipseLogger - Using 'UTF-8' encoding to copy filtered resources.
2016-10-11 15:25:13,991 [Worker-0] INFO  o.e.m.c.i.embedder.EclipseLogger - skip non existing resourceDirectory C:\Users\edwardsm\workspace\cucumber-automation\highcost.cucumber\src\test\resources
2016-10-11 15:25:16,048 [Worker-12] INFO  o.e.m.c.i.embedder.EclipseLogger - Using 'UTF-8' encoding to copy filtered resources.
2016-10-11 15:25:16,049 [Worker-12] INFO  o.e.m.c.i.embedder.EclipseLogger - skip non existing resourceDirectory C:\Users\edwardsm\workspace\cucumber-automation\highcost.cucumber\src\main\resources
2016-10-11 15:25:16,051 [Worker-12] INFO  o.e.m.c.i.embedder.EclipseLogger - Using 'UTF-8' encoding to copy filtered resources.
2016-10-11 15:25:16,051 [Worker-12] INFO  o.e.m.c.i.embedder.EclipseLogger - skip non existing resourceDirectory C:\Users\edwardsm\workspace\cucumber-automation\highcost.cucumber\src\test\resources
2016-10-11 15:25:25,176 [Worker-14] INFO  o.e.m.c.i.embedder.EclipseLogger - Using 'UTF-8' encoding to copy filtered resources.
2016-10-11 15:25:25,177 [Worker-14] INFO  o.e.m.c.i.embedder.EclipseLogger - skip non existing resourceDirectory C:\Users\edwardsm\workspace\cucumber-automation\highcost.cucumber\src\main\resources
2016-10-11 15:25:25,179 [Worker-14] INFO  o.e.m.c.i.embedder.EclipseLogger - Using 'UTF-8' encoding to copy filtered resources.
2016-10-11 15:25:25,180 [Worker-14] INFO  o.e.m.c.i.embedder.EclipseLogger - skip non existing resourceDirectory C:\Users\edwardsm\workspace\cucumber-automation\highcost.cucumber\src\test\resources
2016-10-11 15:26:04,090 [Worker-0] INFO  o.e.m.c.i.embedder.EclipseLogger - Using 'UTF-8' encoding to copy filtered resources.
2016-10-11 15:26:04,091 [Worker-0] INFO  o.e.m.c.i.embedder.EclipseLogger - skip non existing resourceDirectory C:\Users\edwardsm\workspace\cucumber-automation\highcost.cucumber\src\main\resources
2016-10-11 15:26:04,093 [Worker-0] INFO  o.e.m.c.i.embedder.EclipseLogger - Using 'UTF-8' encoding to copy filtered resources.
2016-10-11 15:26:04,094 [Worker-0] INFO  o.e.m.c.i.embedder.EclipseLogger - skip non existing resourceDirectory C:\Users\edwardsm\workspace\cucumber-automation\highcost.cucumber\src\test\resources
2016-10-11 15:27:53,523 [Worker-4] INFO  o.e.m.c.i.embedder.EclipseLogger - Using 'UTF-8' encoding to copy filtered resources.
2016-10-11 15:27:53,524 [Worker-4] INFO  o.e.m.c.i.embedder.EclipseLogger - skip non existing resourceDirectory C:\Users\edwardsm\workspace\cucumber-automation\highcost.cucumber\src\main\resources
2016-10-11 15:27:53,528 [Worker-4] INFO  o.e.m.c.i.embedder.EclipseLogger - Using 'UTF-8' encoding to copy filtered resources.
2016-10-11 15:27:53,529 [Worker-4] INFO  o.e.m.c.i.embedder.EclipseLogger - skip non existing resourceDirectory C:\Users\edwardsm\workspace\cucumber-automation\highcost.cucumber\src\test\resources
2016-10-11 15:29:42,229 [Worker-12] INFO  o.e.m.c.i.embedder.EclipseLogger - Using 'UTF-8' encoding to copy filtered resources.
2016-10-11 15:29:42,229 [Worker-12] INFO  o.e.m.c.i.embedder.EclipseLogger - skip non existing resourceDirectory C:\Users\edwardsm\workspace\cucumber-automation\highcost.cucumber\src\main\resources
2016-10-11 15:29:42,232 [Worker-12] INFO  o.e.m.c.i.embedder.EclipseLogger - Using 'UTF-8' encoding to copy filtered resources.
2016-10-11 15:29:42,233 [Worker-12] INFO  o.e.m.c.i.embedder.EclipseLogger - skip non existing resourceDirectory C:\Users\edwardsm\workspace\cucumber-automation\highcost.cucumber\src\test\resources
2016-10-11 15:29:50,348 [Worker-0] INFO  o.e.m.c.i.embedder.EclipseLogger - Using 'UTF-8' encoding to copy filtered resources.
2016-10-11 15:29:50,349 [Worker-0] INFO  o.e.m.c.i.embedder.EclipseLogger - skip non existing resourceDirectory C:\Users\edwardsm\workspace\cucumber-automation\highcost.cucumber\src\main\resources
2016-10-11 15:29:50,352 [Worker-0] INFO  o.e.m.c.i.embedder.EclipseLogger - Using 'UTF-8' encoding to copy filtered resources.
2016-10-11 15:29:50,353 [Worker-0] INFO  o.e.m.c.i.embedder.EclipseLogger - skip non existing resourceDirectory C:\Users\edwardsm\workspace\cucumber-automation\highcost.cucumber\src\test\resources
2016-10-11 15:30:00,355 [Worker-14] INFO  o.e.m.c.i.embedder.EclipseLogger - Using 'UTF-8' encoding to copy filtered resources.
2016-10-11 15:30:00,355 [Worker-14] INFO  o.e.m.c.i.embedder.EclipseLogger - skip non existing resourceDirectory C:\Users\edwardsm\workspace\cucumber-automation\highcost.cucumber\src\main\resources
2016-10-11 15:30:00,361 [Worker-14] INFO  o.e.m.c.i.embedder.EclipseLogger - Using 'UTF-8' encoding to copy filtered resources.
2016-10-11 15:30:00,362 [Worker-14] INFO  o.e.m.c.i.embedder.EclipseLogger - skip non existing resourceDirectory C:\Users\edwardsm\workspace\cucumber-automation\highcost.cucumber\src\test\resources
2016-10-11 15:33:12,884 [Worker-12] INFO  o.e.m.c.i.embedder.EclipseLogger - Using 'UTF-8' encoding to copy filtered resources.
2016-10-11 15:33:12,885 [Worker-12] INFO  o.e.m.c.i.embedder.EclipseLogger - skip non existing resourceDirectory C:\Users\edwardsm\workspace\cucumber-automation\highcost.cucumber\src\main\resources
2016-10-11 15:33:12,894 [Worker-12] INFO  o.e.m.c.i.embedder.EclipseLogger - Using 'UTF-8' encoding to copy filtered resources.
2016-10-11 15:33:12,897 [Worker-12] INFO  o.e.m.c.i.embedder.EclipseLogger - skip non existing resourceDirectory C:\Users\edwardsm\workspace\cucumber-automation\highcost.cucumber\src\test\resources
2016-10-11 15:33:32,714 [Worker-12] INFO  o.e.m.c.i.embedder.EclipseLogger - Using 'UTF-8' encoding to copy filtered resources.
2016-10-11 15:33:32,714 [Worker-12] INFO  o.e.m.c.i.embedder.EclipseLogger - skip non existing resourceDirectory C:\Users\edwardsm\workspace\cucumber-automation\highcost.cucumber\src\main\resources
2016-10-11 15:33:32,716 [Worker-12] INFO  o.e.m.c.i.embedder.EclipseLogger - Using 'UTF-8' encoding to copy filtered resources.
2016-10-11 15:33:32,717 [Worker-12] INFO  o.e.m.c.i.embedder.EclipseLogger - skip non existing resourceDirectory C:\Users\edwardsm\workspace\cucumber-automation\highcost.cucumber\src\test\resources
2016-10-11 15:33:57,643 [main] INFO  c.g.t.t.d.PublishedGradleVersions - Gradle version information cache file is not out-of-date. No remote download required.
2016-10-11 15:39:12,300 [Worker-14] INFO  o.e.m.c.i.embedder.EclipseLogger - Using 'UTF-8' encoding to copy filtered resources.
2016-10-11 15:39:12,301 [Worker-14] INFO  o.e.m.c.i.embedder.EclipseLogger - skip non existing resourceDirectory C:\Users\edwardsm\workspace\cucumber-automation\highcost.cucumber\src\main\resources
2016-10-11 15:39:12,303 [Worker-14] INFO  o.e.m.c.i.embedder.EclipseLogger - Using 'UTF-8' encoding to copy filtered resources.
2016-10-11 15:39:12,304 [Worker-14] INFO  o.e.m.c.i.embedder.EclipseLogger - skip non existing resourceDirectory C:\Users\edwardsm\workspace\cucumber-automation\highcost.cucumber\src\test\resources
2016-10-11 15:39:30,606 [Worker-0] INFO  o.e.m.c.i.embedder.EclipseLogger - Using 'UTF-8' encoding to copy filtered resources.
2016-10-11 15:39:30,607 [Worker-0] INFO  o.e.m.c.i.embedder.EclipseLogger - skip non existing resourceDirectory C:\Users\edwardsm\workspace\cucumber-automation\highcost.cucumber\src\main\resources
2016-10-11 15:39:30,611 [Worker-0] INFO  o.e.m.c.i.embedder.EclipseLogger - Using 'UTF-8' encoding to copy filtered resources.
2016-10-11 15:39:30,612 [Worker-0] INFO  o.e.m.c.i.embedder.EclipseLogger - skip non existing resourceDirectory C:\Users\edwardsm\workspace\cucumber-automation\highcost.cucumber\src\test\resources
2016-10-11 15:39:37,494 [Worker-16] INFO  o.e.m.c.i.embedder.EclipseLogger - Using 'UTF-8' encoding to copy filtered resources.
2016-10-11 15:39:37,494 [Worker-16] INFO  o.e.m.c.i.embedder.EclipseLogger - skip non existing resourceDirectory C:\Users\edwardsm\workspace\cucumber-automation\highcost.cucumber\src\main\resources
2016-10-11 15:39:37,500 [Worker-16] INFO  o.e.m.c.i.embedder.EclipseLogger - Using 'UTF-8' encoding to copy filtered resources.
2016-10-11 15:39:37,501 [Worker-16] INFO  o.e.m.c.i.embedder.EclipseLogger - skip non existing resourceDirectory C:\Users\edwardsm\workspace\cucumber-automation\highcost.cucumber\src\test\resources
2016-10-11 15:50:40,639 [Worker-0] INFO  o.e.m.c.i.embedder.EclipseLogger - Using 'UTF-8' encoding to copy filtered resources.
2016-10-11 15:50:40,639 [Worker-0] INFO  o.e.m.c.i.embedder.EclipseLogger - skip non existing resourceDirectory C:\Users\edwardsm\workspace\cucumber-automation\highcost.cucumber\src\main\resources
2016-10-11 15:50:40,642 [Worker-0] INFO  o.e.m.c.i.embedder.EclipseLogger - Using 'UTF-8' encoding to copy filtered resources.
2016-10-11 15:50:40,643 [Worker-0] INFO  o.e.m.c.i.embedder.EclipseLogger - skip non existing resourceDirectory C:\Users\edwardsm\workspace\cucumber-automation\highcost.cucumber\src\test\resources
2016-10-11 15:54:12,956 [Worker-19] INFO  o.e.m.c.i.embedder.EclipseLogger - Using 'UTF-8' encoding to copy filtered resources.
2016-10-11 15:54:12,957 [Worker-19] INFO  o.e.m.c.i.embedder.EclipseLogger - skip non existing resourceDirectory C:\Users\edwardsm\workspace\cucumber-automation\highcost.cucumber\src\main\resources
2016-10-11 15:54:12,965 [Worker-19] INFO  o.e.m.c.i.embedder.EclipseLogger - Using 'UTF-8' encoding to copy filtered resources.
2016-10-11 15:54:12,965 [Worker-19] INFO  o.e.m.c.i.embedder.EclipseLogger - skip non existing resourceDirectory C:\Users\edwardsm\workspace\cucumber-automation\highcost.cucumber\src\test\resources
2016-10-11 15:55:55,402 [Worker-17] INFO  o.e.m.c.i.embedder.EclipseLogger - Using 'UTF-8' encoding to copy filtered resources.
2016-10-11 15:55:55,403 [Worker-17] INFO  o.e.m.c.i.embedder.EclipseLogger - skip non existing resourceDirectory C:\Users\edwardsm\workspace\cucumber-automation\highcost.cucumber\src\main\resources
2016-10-11 15:55:55,409 [Worker-17] INFO  o.e.m.c.i.embedder.EclipseLogger - Using 'UTF-8' encoding to copy filtered resources.
2016-10-11 15:55:55,409 [Worker-17] INFO  o.e.m.c.i.embedder.EclipseLogger - skip non existing resourceDirectory C:\Users\edwardsm\workspace\cucumber-automation\highcost.cucumber\src\test\resources
2016-10-11 15:55:56,982 [Worker-17] INFO  o.e.m.c.i.embedder.EclipseLogger - Using 'UTF-8' encoding to copy filtered resources.
2016-10-11 15:55:56,982 [Worker-17] INFO  o.e.m.c.i.embedder.EclipseLogger - skip non existing resourceDirectory C:\Users\edwardsm\workspace\cucumber-automation\highcost.cucumber\src\main\resources
2016-10-11 15:55:56,985 [Worker-17] INFO  o.e.m.c.i.embedder.EclipseLogger - Using 'UTF-8' encoding to copy filtered resources.
2016-10-11 15:55:56,985 [Worker-17] INFO  o.e.m.c.i.embedder.EclipseLogger - skip non existing resourceDirectory C:\Users\edwardsm\workspace\cucumber-automation\highcost.cucumber\src\test\resources
2016-10-11 15:57:25,134 [Worker-18] INFO  o.e.m.c.i.embedder.EclipseLogger - Using 'UTF-8' encoding to copy filtered resources.
2016-10-11 15:57:25,135 [Worker-18] INFO  o.e.m.c.i.embedder.EclipseLogger - skip non existing resourceDirectory C:\Users\edwardsm\workspace\cucumber-automation\highcost.cucumber\src\main\resources
2016-10-11 15:57:25,137 [Worker-18] INFO  o.e.m.c.i.embedder.EclipseLogger - Using 'UTF-8' encoding to copy filtered resources.
2016-10-11 15:57:25,138 [Worker-18] INFO  o.e.m.c.i.embedder.EclipseLogger - skip non existing resourceDirectory C:\Users\edwardsm\workspace\cucumber-automation\highcost.cucumber\src\test\resources
2016-10-11 15:57:45,964 [Worker-18] INFO  o.e.m.c.i.embedder.EclipseLogger - Using 'UTF-8' encoding to copy filtered resources.
2016-10-11 15:57:45,965 [Worker-18] INFO  o.e.m.c.i.embedder.EclipseLogger - skip non existing resourceDirectory C:\Users\edwardsm\workspace\cucumber-automation\highcost.cucumber\src\main\resources
2016-10-11 15:57:45,967 [Worker-18] INFO  o.e.m.c.i.embedder.EclipseLogger - Using 'UTF-8' encoding to copy filtered resources.
2016-10-11 15:57:45,968 [Worker-18] INFO  o.e.m.c.i.embedder.EclipseLogger - skip non existing resourceDirectory C:\Users\edwardsm\workspace\cucumber-automation\highcost.cucumber\src\test\resources
2016-10-11 15:57:56,333 [Worker-18] INFO  o.e.m.c.i.embedder.EclipseLogger - Using 'UTF-8' encoding to copy filtered resources.
2016-10-11 15:57:56,333 [Worker-18] INFO  o.e.m.c.i.embedder.EclipseLogger - skip non existing resourceDirectory C:\Users\edwardsm\workspace\cucumber-automation\highcost.cucumber\src\main\resources
2016-10-11 15:57:56,335 [Worker-18] INFO  o.e.m.c.i.embedder.EclipseLogger - Using 'UTF-8' encoding to copy filtered resources.
2016-10-11 15:57:56,336 [Worker-18] INFO  o.e.m.c.i.embedder.EclipseLogger - skip non existing resourceDirectory C:\Users\edwardsm\workspace\cucumber-automation\highcost.cucumber\src\test\resources
2016-10-11 15:59:45,304 [Worker-17] INFO  o.e.m.c.i.embedder.EclipseLogger - Using 'UTF-8' encoding to copy filtered resources.
2016-10-11 15:59:45,305 [Worker-17] INFO  o.e.m.c.i.embedder.EclipseLogger - skip non existing resourceDirectory C:\Users\edwardsm\workspace\cucumber-automation\highcost.cucumber\src\main\resources
2016-10-11 15:59:45,307 [Worker-17] INFO  o.e.m.c.i.embedder.EclipseLogger - Using 'UTF-8' encoding to copy filtered resources.
2016-10-11 15:59:45,308 [Worker-17] INFO  o.e.m.c.i.embedder.EclipseLogger - skip non existing resourceDirectory C:\Users\edwardsm\workspace\cucumber-automation\highcost.cucumber\src\test\resources
2016-10-11 16:00:14,201 [Worker-17] INFO  o.e.m.c.i.embedder.EclipseLogger - Using 'UTF-8' encoding to copy filtered resources.
2016-10-11 16:00:14,202 [Worker-17] INFO  o.e.m.c.i.embedder.EclipseLogger - skip non existing resourceDirectory C:\Users\edwardsm\workspace\cucumber-automation\highcost.cucumber\src\main\resources
2016-10-11 16:00:14,205 [Worker-17] INFO  o.e.m.c.i.embedder.EclipseLogger - Using 'UTF-8' encoding to copy filtered resources.
2016-10-11 16:00:14,206 [Worker-17] INFO  o.e.m.c.i.embedder.EclipseLogger - skip non existing resourceDirectory C:\Users\edwardsm\workspace\cucumber-automation\highcost.cucumber\src\test\resources
2016-10-11 16:00:20,906 [Worker-18] INFO  o.e.m.c.i.embedder.EclipseLogger - Using 'UTF-8' encoding to copy filtered resources.
2016-10-11 16:00:20,907 [Worker-18] INFO  o.e.m.c.i.embedder.EclipseLogger - skip non existing resourceDirectory C:\Users\edwardsm\workspace\cucumber-automation\highcost.cucumber\src\main\resources
2016-10-11 16:00:20,909 [Worker-18] INFO  o.e.m.c.i.embedder.EclipseLogger - Using 'UTF-8' encoding to copy filtered resources.
2016-10-11 16:00:20,910 [Worker-18] INFO  o.e.m.c.i.embedder.EclipseLogger - skip non existing resourceDirectory C:\Users\edwardsm\workspace\cucumber-automation\highcost.cucumber\src\test\resources
2016-10-11 16:02:31,800 [Worker-0] INFO  o.e.m.c.i.embedder.EclipseLogger - Using 'UTF-8' encoding to copy filtered resources.
2016-10-11 16:02:31,801 [Worker-0] INFO  o.e.m.c.i.embedder.EclipseLogger - skip non existing resourceDirectory C:\Users\edwardsm\workspace\cucumber-automation\highcost.cucumber\src\main\resources
2016-10-11 16:02:31,802 [Worker-0] INFO  o.e.m.c.i.embedder.EclipseLogger - Using 'UTF-8' encoding to copy filtered resources.
2016-10-11 16:02:31,802 [Worker-0] INFO  o.e.m.c.i.embedder.EclipseLogger - skip non existing resourceDirectory C:\Users\edwardsm\workspace\cucumber-automation\highcost.cucumber\src\test\resources
2016-10-11 16:02:36,066 [Worker-0] INFO  o.e.m.c.i.embedder.EclipseLogger - Using 'UTF-8' encoding to copy filtered resources.
2016-10-11 16:02:36,066 [Worker-0] INFO  o.e.m.c.i.embedder.EclipseLogger - skip non existing resourceDirectory C:\Users\edwardsm\workspace\cucumber-automation\highcost.cucumber\src\main\resources
2016-10-11 16:02:36,067 [Worker-0] INFO  o.e.m.c.i.embedder.EclipseLogger - Using 'UTF-8' encoding to copy filtered resources.
2016-10-11 16:02:36,068 [Worker-0] INFO  o.e.m.c.i.embedder.EclipseLogger - skip non existing resourceDirectory C:\Users\edwardsm\workspace\cucumber-automation\highcost.cucumber\src\test\resources
2016-10-11 16:05:06,768 [Worker-16] INFO  o.e.m.c.i.embedder.EclipseLogger - Using 'UTF-8' encoding to copy filtered resources.
2016-10-11 16:05:06,768 [Worker-16] INFO  o.e.m.c.i.embedder.EclipseLogger - skip non existing resourceDirectory C:\Users\edwardsm\workspace\cucumber-automation\highcost.cucumber\src\main\resources
2016-10-11 16:05:06,773 [Worker-16] INFO  o.e.m.c.i.embedder.EclipseLogger - Using 'UTF-8' encoding to copy filtered resources.
2016-10-11 16:05:06,774 [Worker-16] INFO  o.e.m.c.i.embedder.EclipseLogger - skip non existing resourceDirectory C:\Users\edwardsm\workspace\cucumber-automation\highcost.cucumber\src\test\resources
2016-10-11 16:06:52,444 [Worker-20] INFO  o.e.m.c.i.embedder.EclipseLogger - Using 'UTF-8' encoding to copy filtered resources.
2016-10-11 16:06:52,445 [Worker-20] INFO  o.e.m.c.i.embedder.EclipseLogger - skip non existing resourceDirectory C:\Users\edwardsm\workspace\cucumber-automation\highcost.cucumber\src\main\resources
2016-10-11 16:06:52,447 [Worker-20] INFO  o.e.m.c.i.embedder.EclipseLogger - Using 'UTF-8' encoding to copy filtered resources.
2016-10-11 16:06:52,448 [Worker-20] INFO  o.e.m.c.i.embedder.EclipseLogger - skip non existing resourceDirectory C:\Users\edwardsm\workspace\cucumber-automation\highcost.cucumber\src\test\resources
2016-10-11 16:07:06,610 [Worker-0] INFO  o.e.m.c.i.embedder.EclipseLogger - Using 'UTF-8' encoding to copy filtered resources.
2016-10-11 16:07:06,610 [Worker-0] INFO  o.e.m.c.i.embedder.EclipseLogger - skip non existing resourceDirectory C:\Users\edwardsm\workspace\cucumber-automation\highcost.cucumber\src\main\resources
2016-10-11 16:07:06,613 [Worker-0] INFO  o.e.m.c.i.embedder.EclipseLogger - Using 'UTF-8' encoding to copy filtered resources.
2016-10-11 16:07:06,613 [Worker-0] INFO  o.e.m.c.i.embedder.EclipseLogger - skip non existing resourceDirectory C:\Users\edwardsm\workspace\cucumber-automation\highcost.cucumber\src\test\resources
2016-10-11 16:08:28,253 [Worker-18] INFO  o.e.m.c.i.embedder.EclipseLogger - Using 'UTF-8' encoding to copy filtered resources.
2016-10-11 16:08:28,254 [Worker-18] INFO  o.e.m.c.i.embedder.EclipseLogger - skip non existing resourceDirectory C:\Users\edwardsm\workspace\cucumber-automation\highcost.cucumber\src\main\resources
2016-10-11 16:08:28,256 [Worker-18] INFO  o.e.m.c.i.embedder.EclipseLogger - Using 'UTF-8' encoding to copy filtered resources.
2016-10-11 16:08:28,257 [Worker-18] INFO  o.e.m.c.i.embedder.EclipseLogger - skip non existing resourceDirectory C:\Users\edwardsm\workspace\cucumber-automation\highcost.cucumber\src\test\resources
2016-10-11 16:15:01,933 [Worker-18] INFO  o.e.m.c.i.embedder.EclipseLogger - Using 'UTF-8' encoding to copy filtered resources.
2016-10-11 16:15:01,933 [Worker-18] INFO  o.e.m.c.i.embedder.EclipseLogger - skip non existing resourceDirectory C:\Users\edwardsm\workspace\cucumber-automation\highcost.cucumber\src\main\resources
2016-10-11 16:15:01,935 [Worker-18] INFO  o.e.m.c.i.embedder.EclipseLogger - Using 'UTF-8' encoding to copy filtered resources.
2016-10-11 16:15:01,936 [Worker-18] INFO  o.e.m.c.i.embedder.EclipseLogger - skip non existing resourceDirectory C:\Users\edwardsm\workspace\cucumber-automation\highcost.cucumber\src\test\resources
2016-10-11 16:15:57,913 [Worker-21] INFO  o.e.m.c.i.embedder.EclipseLogger - Using 'UTF-8' encoding to copy filtered resources.
2016-10-11 16:15:57,914 [Worker-21] INFO  o.e.m.c.i.embedder.EclipseLogger - skip non existing resourceDirectory C:\Users\edwardsm\workspace\cucumber-automation\highcost.cucumber\src\main\resources
2016-10-11 16:15:57,917 [Worker-21] INFO  o.e.m.c.i.embedder.EclipseLogger - Using 'UTF-8' encoding to copy filtered resources.
2016-10-11 16:15:57,918 [Worker-21] INFO  o.e.m.c.i.embedder.EclipseLogger - skip non existing resourceDirectory C:\Users\edwardsm\workspace\cucumber-automation\highcost.cucumber\src\test\resources
2016-10-11 16:16:50,099 [Worker-19] INFO  o.e.m.c.i.embedder.EclipseLogger - Using 'UTF-8' encoding to copy filtered resources.
2016-10-11 16:16:50,099 [Worker-19] INFO  o.e.m.c.i.embedder.EclipseLogger - skip non existing resourceDirectory C:\Users\edwardsm\workspace\cucumber-automation\highcost.cucumber\src\main\resources
2016-10-11 16:16:50,109 [Worker-19] INFO  o.e.m.c.i.embedder.EclipseLogger - Using 'UTF-8' encoding to copy filtered resources.
2016-10-11 16:16:50,115 [Worker-19] INFO  o.e.m.c.i.embedder.EclipseLogger - skip non existing resourceDirectory C:\Users\edwardsm\workspace\cucumber-automation\highcost.cucumber\src\test\resources
2016-10-11 16:20:52,241 [Worker-0] INFO  o.e.m.c.i.embedder.EclipseLogger - Using 'UTF-8' encoding to copy filtered resources.
2016-10-11 16:20:52,242 [Worker-0] INFO  o.e.m.c.i.embedder.EclipseLogger - skip non existing resourceDirectory C:\Users\edwardsm\workspace\cucumber-automation\highcost.cucumber\src\main\resources
2016-10-11 16:20:52,244 [Worker-0] INFO  o.e.m.c.i.embedder.EclipseLogger - Using 'UTF-8' encoding to copy filtered resources.
2016-10-11 16:20:52,245 [Worker-0] INFO  o.e.m.c.i.embedder.EclipseLogger - skip non existing resourceDirectory C:\Users\edwardsm\workspace\cucumber-automation\highcost.cucumber\src\test\resources
2016-10-11 16:21:22,713 [Worker-0] INFO  o.e.m.c.i.embedder.EclipseLogger - Using 'UTF-8' encoding to copy filtered resources.
2016-10-11 16:21:22,714 [Worker-0] INFO  o.e.m.c.i.embedder.EclipseLogger - skip non existing resourceDirectory C:\Users\edwardsm\workspace\cucumber-automation\highcost.cucumber\src\main\resources
2016-10-11 16:21:22,716 [Worker-0] INFO  o.e.m.c.i.embedder.EclipseLogger - Using 'UTF-8' encoding to copy filtered resources.
2016-10-11 16:21:22,716 [Worker-0] INFO  o.e.m.c.i.embedder.EclipseLogger - skip non existing resourceDirectory C:\Users\edwardsm\workspace\cucumber-automation\highcost.cucumber\src\test\resources
2016-10-11 16:22:01,083 [Worker-22] INFO  o.e.m.c.i.embedder.EclipseLogger - Using 'UTF-8' encoding to copy filtered resources.
2016-10-11 16:22:01,084 [Worker-22] INFO  o.e.m.c.i.embedder.EclipseLogger - skip non existing resourceDirectory C:\Users\edwardsm\workspace\cucumber-automation\highcost.cucumber\src\main\resources
2016-10-11 16:22:01,086 [Worker-22] INFO  o.e.m.c.i.embedder.EclipseLogger - Using 'UTF-8' encoding to copy filtered resources.
2016-10-11 16:22:01,086 [Worker-22] INFO  o.e.m.c.i.embedder.EclipseLogger - skip non existing resourceDirectory C:\Users\edwardsm\workspace\cucumber-automation\highcost.cucumber\src\test\resources
2016-10-11 16:22:29,568 [Worker-21] INFO  o.e.m.c.i.embedder.EclipseLogger - Using 'UTF-8' encoding to copy filtered resources.
2016-10-11 16:22:29,568 [Worker-21] INFO  o.e.m.c.i.embedder.EclipseLogger - skip non existing resourceDirectory C:\Users\edwardsm\workspace\cucumber-automation\highcost.cucumber\src\main\resources
2016-10-11 16:22:29,570 [Worker-21] INFO  o.e.m.c.i.embedder.EclipseLogger - Using 'UTF-8' encoding to copy filtered resources.
2016-10-11 16:22:29,571 [Worker-21] INFO  o.e.m.c.i.embedder.EclipseLogger - skip non existing resourceDirectory C:\Users\edwardsm\workspace\cucumber-automation\highcost.cucumber\src\test\resources
2016-10-11 16:22:44,356 [Worker-0] INFO  o.e.m.c.i.embedder.EclipseLogger - Using 'UTF-8' encoding to copy filtered resources.
2016-10-11 16:22:44,356 [Worker-0] INFO  o.e.m.c.i.embedder.EclipseLogger - skip non existing resourceDirectory C:\Users\edwardsm\workspace\cucumber-automation\highcost.cucumber\src\main\resources
2016-10-11 16:22:44,358 [Worker-0] INFO  o.e.m.c.i.embedder.EclipseLogger - Using 'UTF-8' encoding to copy filtered resources.
2016-10-11 16:22:44,359 [Worker-0] INFO  o.e.m.c.i.embedder.EclipseLogger - skip non existing resourceDirectory C:\Users\edwardsm\workspace\cucumber-automation\highcost.cucumber\src\test\resources
2016-10-11 16:23:19,526 [Worker-18] INFO  o.e.m.c.i.embedder.EclipseLogger - Using 'UTF-8' encoding to copy filtered resources.
2016-10-11 16:23:19,526 [Worker-18] INFO  o.e.m.c.i.embedder.EclipseLogger - skip non existing resourceDirectory C:\Users\edwardsm\workspace\cucumber-automation\highcost.cucumber\src\main\resources
2016-10-11 16:23:19,528 [Worker-18] INFO  o.e.m.c.i.embedder.EclipseLogger - Using 'UTF-8' encoding to copy filtered resources.
2016-10-11 16:23:19,529 [Worker-18] INFO  o.e.m.c.i.embedder.EclipseLogger - skip non existing resourceDirectory C:\Users\edwardsm\workspace\cucumber-automation\highcost.cucumber\src\test\resources
2016-10-11 16:23:25,187 [Worker-18] INFO  o.e.m.c.i.embedder.EclipseLogger - Using 'UTF-8' encoding to copy filtered resources.
2016-10-11 16:23:25,188 [Worker-18] INFO  o.e.m.c.i.embedder.EclipseLogger - skip non existing resourceDirectory C:\Users\edwardsm\workspace\cucumber-automation\highcost.cucumber\src\main\resources
2016-10-11 16:23:25,191 [Worker-18] INFO  o.e.m.c.i.embedder.EclipseLogger - Using 'UTF-8' encoding to copy filtered resources.
2016-10-11 16:23:25,191 [Worker-18] INFO  o.e.m.c.i.embedder.EclipseLogger - skip non existing resourceDirectory C:\Users\edwardsm\workspace\cucumber-automation\highcost.cucumber\src\test\resources
2016-10-11 16:23:32,189 [Worker-21] INFO  o.e.m.c.i.embedder.EclipseLogger - Using 'UTF-8' encoding to copy filtered resources.
2016-10-11 16:23:32,190 [Worker-21] INFO  o.e.m.c.i.embedder.EclipseLogger - skip non existing resourceDirectory C:\Users\edwardsm\workspace\cucumber-automation\highcost.cucumber\src\main\resources
2016-10-11 16:23:32,192 [Worker-21] INFO  o.e.m.c.i.embedder.EclipseLogger - Using 'UTF-8' encoding to copy filtered resources.
2016-10-11 16:23:32,193 [Worker-21] INFO  o.e.m.c.i.embedder.EclipseLogger - skip non existing resourceDirectory C:\Users\edwardsm\workspace\cucumber-automation\highcost.cucumber\src\test\resources
2016-10-11 16:23:39,706 [Worker-0] INFO  o.e.m.c.i.embedder.EclipseLogger - Using 'UTF-8' encoding to copy filtered resources.
2016-10-11 16:23:39,707 [Worker-0] INFO  o.e.m.c.i.embedder.EclipseLogger - skip non existing resourceDirectory C:\Users\edwardsm\workspace\cucumber-automation\highcost.cucumber\src\main\resources
2016-10-11 16:23:39,710 [Worker-0] INFO  o.e.m.c.i.embedder.EclipseLogger - Using 'UTF-8' encoding to copy filtered resources.
2016-10-11 16:23:39,711 [Worker-0] INFO  o.e.m.c.i.embedder.EclipseLogger - skip non existing resourceDirectory C:\Users\edwardsm\workspace\cucumber-automation\highcost.cucumber\src\test\resources
2016-10-11 16:23:50,224 [Worker-18] INFO  o.e.m.c.i.embedder.EclipseLogger - Using 'UTF-8' encoding to copy filtered resources.
2016-10-11 16:23:50,225 [Worker-18] INFO  o.e.m.c.i.embedder.EclipseLogger - skip non existing resourceDirectory C:\Users\edwardsm\workspace\cucumber-automation\highcost.cucumber\src\main\resources
2016-10-11 16:23:50,227 [Worker-18] INFO  o.e.m.c.i.embedder.EclipseLogger - Using 'UTF-8' encoding to copy filtered resources.
2016-10-11 16:23:50,227 [Worker-18] INFO  o.e.m.c.i.embedder.EclipseLogger - skip non existing resourceDirectory C:\Users\edwardsm\workspace\cucumber-automation\highcost.cucumber\src\test\resources
2016-10-11 16:23:53,486 [Worker-18] INFO  o.e.m.c.i.embedder.EclipseLogger - Using 'UTF-8' encoding to copy filtered resources.
2016-10-11 16:23:53,486 [Worker-18] INFO  o.e.m.c.i.embedder.EclipseLogger - skip non existing resourceDirectory C:\Users\edwardsm\workspace\cucumber-automation\highcost.cucumber\src\main\resources
2016-10-11 16:23:53,489 [Worker-18] INFO  o.e.m.c.i.embedder.EclipseLogger - Using 'UTF-8' encoding to copy filtered resources.
2016-10-11 16:23:53,489 [Worker-18] INFO  o.e.m.c.i.embedder.EclipseLogger - skip non existing resourceDirectory C:\Users\edwardsm\workspace\cucumber-automation\highcost.cucumber\src\test\resources
2016-10-11 16:24:21,215 [Worker-20] INFO  o.e.m.c.i.embedder.EclipseLogger - Using 'UTF-8' encoding to copy filtered resources.
2016-10-11 16:24:21,216 [Worker-20] INFO  o.e.m.c.i.embedder.EclipseLogger - skip non existing resourceDirectory C:\Users\edwardsm\workspace\cucumber-automation\highcost.cucumber\src\main\resources
2016-10-11 16:24:21,218 [Worker-20] INFO  o.e.m.c.i.embedder.EclipseLogger - Using 'UTF-8' encoding to copy filtered resources.
2016-10-11 16:24:21,219 [Worker-20] INFO  o.e.m.c.i.embedder.EclipseLogger - skip non existing resourceDirectory C:\Users\edwardsm\workspace\cucumber-automation\highcost.cucumber\src\test\resources
2016-10-11 16:24:47,153 [Worker-0] INFO  o.e.m.c.i.embedder.EclipseLogger - Using 'UTF-8' encoding to copy filtered resources.
2016-10-11 16:24:47,154 [Worker-0] INFO  o.e.m.c.i.embedder.EclipseLogger - skip non existing resourceDirectory C:\Users\edwardsm\workspace\cucumber-automation\highcost.cucumber\src\main\resources
2016-10-11 16:24:47,156 [Worker-0] INFO  o.e.m.c.i.embedder.EclipseLogger - Using 'UTF-8' encoding to copy filtered resources.
2016-10-11 16:24:47,157 [Worker-0] INFO  o.e.m.c.i.embedder.EclipseLogger - skip non existing resourceDirectory C:\Users\edwardsm\workspace\cucumber-automation\highcost.cucumber\src\test\resources
2016-10-11 16:26:20,401 [Worker-0] INFO  o.e.m.c.i.embedder.EclipseLogger - Using 'UTF-8' encoding to copy filtered resources.
2016-10-11 16:26:20,401 [Worker-0] INFO  o.e.m.c.i.embedder.EclipseLogger - skip non existing resourceDirectory C:\Users\edwardsm\workspace\cucumber-automation\highcost.cucumber\src\main\resources
2016-10-11 16:26:20,403 [Worker-0] INFO  o.e.m.c.i.embedder.EclipseLogger - Using 'UTF-8' encoding to copy filtered resources.
2016-10-11 16:26:20,404 [Worker-0] INFO  o.e.m.c.i.embedder.EclipseLogger - skip non existing resourceDirectory C:\Users\edwardsm\workspace\cucumber-automation\highcost.cucumber\src\test\resources
2016-10-11 16:26:42,226 [Worker-21] INFO  o.e.m.c.i.embedder.EclipseLogger - Using 'UTF-8' encoding to copy filtered resources.
2016-10-11 16:26:42,227 [Worker-21] INFO  o.e.m.c.i.embedder.EclipseLogger - skip non existing resourceDirectory C:\Users\edwardsm\workspace\cucumber-automation\highcost.cucumber\src\main\resources
2016-10-11 16:26:42,228 [Worker-21] INFO  o.e.m.c.i.embedder.EclipseLogger - Using 'UTF-8' encoding to copy filtered resources.
2016-10-11 16:26:42,229 [Worker-21] INFO  o.e.m.c.i.embedder.EclipseLogger - skip non existing resourceDirectory C:\Users\edwardsm\workspace\cucumber-automation\highcost.cucumber\src\test\resources
2016-10-11 16:27:12,190 [Worker-22] INFO  o.e.m.c.i.embedder.EclipseLogger - Using 'UTF-8' encoding to copy filtered resources.
2016-10-11 16:27:12,191 [Worker-22] INFO  o.e.m.c.i.embedder.EclipseLogger - skip non existing resourceDirectory C:\Users\edwardsm\workspace\cucumber-automation\highcost.cucumber\src\main\resources
2016-10-11 16:27:12,192 [Worker-22] INFO  o.e.m.c.i.embedder.EclipseLogger - Using 'UTF-8' encoding to copy filtered resources.
2016-10-11 16:27:12,193 [Worker-22] INFO  o.e.m.c.i.embedder.EclipseLogger - skip non existing resourceDirectory C:\Users\edwardsm\workspace\cucumber-automation\highcost.cucumber\src\test\resources
2016-10-11 16:27:15,756 [Worker-0] INFO  o.e.m.c.i.embedder.EclipseLogger - Using 'UTF-8' encoding to copy filtered resources.
2016-10-11 16:27:15,756 [Worker-0] INFO  o.e.m.c.i.embedder.EclipseLogger - skip non existing resourceDirectory C:\Users\edwardsm\workspace\cucumber-automation\highcost.cucumber\src\main\resources
2016-10-11 16:27:15,773 [Worker-0] INFO  o.e.m.c.i.embedder.EclipseLogger - Using 'UTF-8' encoding to copy filtered resources.
2016-10-11 16:27:15,773 [Worker-0] INFO  o.e.m.c.i.embedder.EclipseLogger - skip non existing resourceDirectory C:\Users\edwardsm\workspace\cucumber-automation\highcost.cucumber\src\test\resources
2016-10-11 16:27:31,283 [Worker-20] INFO  o.e.m.c.i.embedder.EclipseLogger - Using 'UTF-8' encoding to copy filtered resources.
2016-10-11 16:27:31,283 [Worker-20] INFO  o.e.m.c.i.embedder.EclipseLogger - skip non existing resourceDirectory C:\Users\edwardsm\workspace\cucumber-automation\highcost.cucumber\src\main\resources
2016-10-11 16:27:31,285 [Worker-20] INFO  o.e.m.c.i.embedder.EclipseLogger - Using 'UTF-8' encoding to copy filtered resources.
2016-10-11 16:27:31,286 [Worker-20] INFO  o.e.m.c.i.embedder.EclipseLogger - skip non existing resourceDirectory C:\Users\edwardsm\workspace\cucumber-automation\highcost.cucumber\src\test\resources
2016-10-11 16:28:16,571 [Worker-0] INFO  o.e.m.c.i.embedder.EclipseLogger - Using 'UTF-8' encoding to copy filtered resources.
2016-10-11 16:28:16,572 [Worker-0] INFO  o.e.m.c.i.embedder.EclipseLogger - skip non existing resourceDirectory C:\Users\edwardsm\workspace\cucumber-automation\highcost.cucumber\src\main\resources
2016-10-11 16:28:16,584 [Worker-0] INFO  o.e.m.c.i.embedder.EclipseLogger - Using 'UTF-8' encoding to copy filtered resources.
2016-10-11 16:28:16,584 [Worker-0] INFO  o.e.m.c.i.embedder.EclipseLogger - skip non existing resourceDirectory C:\Users\edwardsm\workspace\cucumber-automation\highcost.cucumber\src\test\resources
2016-10-11 16:29:07,869 [Worker-18] INFO  o.e.m.c.i.embedder.EclipseLogger - Using 'UTF-8' encoding to copy filtered resources.
2016-10-11 16:29:07,869 [Worker-18] INFO  o.e.m.c.i.embedder.EclipseLogger - skip non existing resourceDirectory C:\Users\edwardsm\workspace\cucumber-automation\highcost.cucumber\src\main\resources
2016-10-11 16:29:07,871 [Worker-18] INFO  o.e.m.c.i.embedder.EclipseLogger - Using 'UTF-8' encoding to copy filtered resources.
2016-10-11 16:29:07,872 [Worker-18] INFO  o.e.m.c.i.embedder.EclipseLogger - skip non existing resourceDirectory C:\Users\edwardsm\workspace\cucumber-automation\highcost.cucumber\src\test\resources
2016-10-11 16:29:44,901 [Worker-0] INFO  o.e.m.c.i.embedder.EclipseLogger - Using 'UTF-8' encoding to copy filtered resources.
2016-10-11 16:29:44,901 [Worker-0] INFO  o.e.m.c.i.embedder.EclipseLogger - skip non existing resourceDirectory C:\Users\edwardsm\workspace\cucumber-automation\highcost.cucumber\src\main\resources
2016-10-11 16:29:44,913 [Worker-0] INFO  o.e.m.c.i.embedder.EclipseLogger - Using 'UTF-8' encoding to copy filtered resources.
2016-10-11 16:29:44,915 [Worker-0] INFO  o.e.m.c.i.embedder.EclipseLogger - skip non existing resourceDirectory C:\Users\edwardsm\workspace\cucumber-automation\highcost.cucumber\src\test\resources
2016-10-11 16:30:18,807 [Worker-20] INFO  o.e.m.c.i.embedder.EclipseLogger - Using 'UTF-8' encoding to copy filtered resources.
2016-10-11 16:30:18,808 [Worker-20] INFO  o.e.m.c.i.embedder.EclipseLogger - skip non existing resourceDirectory C:\Users\edwardsm\workspace\cucumber-automation\highcost.cucumber\src\main\resources
2016-10-11 16:30:18,810 [Worker-20] INFO  o.e.m.c.i.embedder.EclipseLogger - Using 'UTF-8' encoding to copy filtered resources.
2016-10-11 16:30:18,811 [Worker-20] INFO  o.e.m.c.i.embedder.EclipseLogger - skip non existing resourceDirectory C:\Users\edwardsm\workspace\cucumber-automation\highcost.cucumber\src\test\resources
2016-10-11 16:30:22,179 [Worker-22] INFO  o.e.m.c.i.embedder.EclipseLogger - Using 'UTF-8' encoding to copy filtered resources.
2016-10-11 16:30:22,180 [Worker-22] INFO  o.e.m.c.i.embedder.EclipseLogger - skip non existing resourceDirectory C:\Users\edwardsm\workspace\cucumber-automation\highcost.cucumber\src\main\resources
2016-10-11 16:30:22,182 [Worker-22] INFO  o.e.m.c.i.embedder.EclipseLogger - Using 'UTF-8' encoding to copy filtered resources.
2016-10-11 16:30:22,182 [Worker-22] INFO  o.e.m.c.i.embedder.EclipseLogger - skip non existing resourceDirectory C:\Users\edwardsm\workspace\cucumber-automation\highcost.cucumber\src\test\resources
2016-10-11 16:35:02,804 [Worker-20] INFO  o.e.m.c.i.embedder.EclipseLogger - Using 'UTF-8' encoding to copy filtered resources.
2016-10-11 16:35:02,805 [Worker-20] INFO  o.e.m.c.i.embedder.EclipseLogger - skip non existing resourceDirectory C:\Users\edwardsm\workspace\cucumber-automation\highcost.cucumber\src\main\resources
2016-10-11 16:35:02,808 [Worker-20] INFO  o.e.m.c.i.embedder.EclipseLogger - Using 'UTF-8' encoding to copy filtered resources.
2016-10-11 16:35:02,808 [Worker-20] INFO  o.e.m.c.i.embedder.EclipseLogger - skip non existing resourceDirectory C:\Users\edwardsm\workspace\cucumber-automation\highcost.cucumber\src\test\resources
2016-10-11 16:38:21,095 [Worker-0] INFO  o.e.m.c.i.embedder.EclipseLogger - Using 'UTF-8' encoding to copy filtered resources.
2016-10-11 16:38:21,096 [Worker-0] INFO  o.e.m.c.i.embedder.EclipseLogger - skip non existing resourceDirectory C:\Users\edwardsm\workspace\cucumber-automation\highcost.cucumber\src\main\resources
2016-10-11 16:38:21,098 [Worker-0] INFO  o.e.m.c.i.embedder.EclipseLogger - Using 'UTF-8' encoding to copy filtered resources.
2016-10-11 16:38:21,098 [Worker-0] INFO  o.e.m.c.i.embedder.EclipseLogger - skip non existing resourceDirectory C:\Users\edwardsm\workspace\cucumber-automation\highcost.cucumber\src\test\resources
2016-10-11 16:39:20,066 [Worker-23] INFO  o.e.m.c.i.embedder.EclipseLogger - Using 'UTF-8' encoding to copy filtered resources.
2016-10-11 16:39:20,066 [Worker-23] INFO  o.e.m.c.i.embedder.EclipseLogger - skip non existing resourceDirectory C:\Users\edwardsm\workspace\cucumber-automation\highcost.cucumber\src\main\resources
2016-10-11 16:39:20,068 [Worker-23] INFO  o.e.m.c.i.embedder.EclipseLogger - Using 'UTF-8' encoding to copy filtered resources.
2016-10-11 16:39:20,069 [Worker-23] INFO  o.e.m.c.i.embedder.EclipseLogger - skip non existing resourceDirectory C:\Users\edwardsm\workspace\cucumber-automation\highcost.cucumber\src\test\resources
2016-10-11 16:40:14,538 [Worker-23] INFO  o.e.m.c.i.embedder.EclipseLogger - Using 'UTF-8' encoding to copy filtered resources.
2016-10-11 16:40:14,539 [Worker-23] INFO  o.e.m.c.i.embedder.EclipseLogger - skip non existing resourceDirectory C:\Users\edwardsm\workspace\cucumber-automation\highcost.cucumber\src\main\resources
2016-10-11 16:40:14,541 [Worker-23] INFO  o.e.m.c.i.embedder.EclipseLogger - Using 'UTF-8' encoding to copy filtered resources.
2016-10-11 16:40:14,542 [Worker-23] INFO  o.e.m.c.i.embedder.EclipseLogger - skip non existing resourceDirectory C:\Users\edwardsm\workspace\cucumber-automation\highcost.cucumber\src\test\resources
2016-10-11 16:40:50,781 [Worker-21] INFO  o.e.m.c.i.embedder.EclipseLogger - Using 'UTF-8' encoding to copy filtered resources.
2016-10-11 16:40:50,782 [Worker-21] INFO  o.e.m.c.i.embedder.EclipseLogger - skip non existing resourceDirectory C:\Users\edwardsm\workspace\cucumber-automation\highcost.cucumber\src\main\resources
2016-10-11 16:40:50,784 [Worker-21] INFO  o.e.m.c.i.embedder.EclipseLogger - Using 'UTF-8' encoding to copy filtered resources.
2016-10-11 16:40:50,784 [Worker-21] INFO  o.e.m.c.i.embedder.EclipseLogger - skip non existing resourceDirectory C:\Users\edwardsm\workspace\cucumber-automation\highcost.cucumber\src\test\resources
2016-10-11 16:42:15,155 [Worker-23] INFO  o.e.m.c.i.embedder.EclipseLogger - Using 'UTF-8' encoding to copy filtered resources.
2016-10-11 16:42:15,156 [Worker-23] INFO  o.e.m.c.i.embedder.EclipseLogger - skip non existing resourceDirectory C:\Users\edwardsm\workspace\cucumber-automation\highcost.cucumber\src\main\resources
2016-10-11 16:42:15,158 [Worker-23] INFO  o.e.m.c.i.embedder.EclipseLogger - Using 'UTF-8' encoding to copy filtered resources.
2016-10-11 16:42:15,159 [Worker-23] INFO  o.e.m.c.i.embedder.EclipseLogger - skip non existing resourceDirectory C:\Users\edwardsm\workspace\cucumber-automation\highcost.cucumber\src\test\resources
2016-10-11 16:56:53,065 [Worker-0] INFO  o.e.m.c.i.embedder.EclipseLogger - Using 'UTF-8' encoding to copy filtered resources.
2016-10-11 16:56:53,066 [Worker-0] INFO  o.e.m.c.i.embedder.EclipseLogger - skip non existing resourceDirectory C:\Users\edwardsm\workspace\cucumber-automation\highcost.cucumber\src\main\resources
2016-10-11 16:56:53,073 [Worker-0] INFO  o.e.m.c.i.embedder.EclipseLogger - Using 'UTF-8' encoding to copy filtered resources.
2016-10-11 16:56:53,074 [Worker-0] INFO  o.e.m.c.i.embedder.EclipseLogger - skip non existing resourceDirectory C:\Users\edwardsm\workspace\cucumber-automation\highcost.cucumber\src\test\resources
